<?xml version="1.0" encoding="UTF-8"?>
<!-- Generated by org.testng.reporters.JUnitXMLReporter -->
<testsuite ignored="9" hostname="ASPLAP1651" failures="1" tests="1" name="Default test" time="11.553" errors="0" timestamp="2025-02-25T15:41:20 IST">
  <testcase classname="maxapplication.SearchTest" name="verifyProductSearchFunctionality" time="6.527">
    <failure type="java.lang.AssertionError" message="expected [You searched for Jeans] but found [You searched for baggy jeans]">
      <![CDATA[java.lang.AssertionError: expected [You searched for Jeans] but found [You searched for baggy jeans]
at org.testng.Assert.fail(Assert.java:111)
at org.testng.Assert.failNotEquals(Assert.java:1590)
at org.testng.Assert.assertEqualsImpl(Assert.java:150)
at org.testng.Assert.assertEquals(Assert.java:132)
at org.testng.Assert.assertEquals(Assert.java:656)
at org.testng.Assert.assertEquals(Assert.java:666)
at maxapplication.SearchTest.verifyProductSearchFunctionality(SearchTest.java:57)
at java.base/jdk.internal.reflect.DirectMethodHandleAccessor.invoke(DirectMethodHandleAccessor.java:103)
at java.base/java.lang.reflect.Method.invoke(Method.java:580)
at org.testng.internal.invokers.MethodInvocationHelper.invokeMethod(MethodInvocationHelper.java:141)
at org.testng.internal.invokers.TestInvoker.invokeMethod(TestInvoker.java:687)
at org.testng.internal.invokers.TestInvoker.invokeTestMethod(TestInvoker.java:230)
at org.testng.internal.invokers.MethodRunner.runInSequence(MethodRunner.java:63)
at org.testng.internal.invokers.TestInvoker$MethodInvocationAgent.invoke(TestInvoker.java:995)
at org.testng.internal.invokers.TestInvoker.invokeTestMethods(TestInvoker.java:203)
at org.testng.internal.invokers.TestMethodWorker.invokeTestMethods(TestMethodWorker.java:154)
at org.testng.internal.invokers.TestMethodWorker.run(TestMethodWorker.java:134)
at java.base/java.util.ArrayList.forEach(ArrayList.java:1597)
at org.testng.TestRunner.privateRun(TestRunner.java:741)
at org.testng.TestRunner.run(TestRunner.java:616)
at org.testng.SuiteRunner.runTest(SuiteRunner.java:421)
at org.testng.SuiteRunner.runSequentially(SuiteRunner.java:413)
at org.testng.SuiteRunner.privateRun(SuiteRunner.java:373)
at org.testng.SuiteRunner.run(SuiteRunner.java:312)
at org.testng.SuiteRunnerWorker.runSuite(SuiteRunnerWorker.java:52)
at org.testng.SuiteRunnerWorker.run(SuiteRunnerWorker.java:95)
at org.testng.TestNG.runSuitesSequentially(TestNG.java:1274)
at org.testng.TestNG.runSuitesLocally(TestNG.java:1208)
at org.testng.TestNG.runSuites(TestNG.java:1112)
at org.testng.TestNG.run(TestNG.java:1079)
at org.testng.remote.AbstractRemoteTestNG.run(AbstractRemoteTestNG.java:115)
at org.testng.remote.RemoteTestNG.initAndRun(RemoteTestNG.java:293)
at org.testng.remote.RemoteTestNG.main(RemoteTestNG.java:91)
]]>
    </failure>
  </testcase> <!-- verifyProductSearchFunctionality -->
  <testcase classname="maxapplication.SearchTest" name="clearRecentSearch" time="0.0">
    <ignored/>
  </testcase> <!-- clearRecentSearch -->
  <testcase classname="maxapplication.SearchTest" name="verifyPopularSearchVisibility" time="0.0">
    <ignored/>
  </testcase> <!-- verifyPopularSearchVisibility -->
  <testcase classname="maxapplication.SearchTest" name="verifySearchFunctionalityWithSpecialCharacter" time="0.0">
    <ignored/>
  </testcase> <!-- verifySearchFunctionalityWithSpecialCharacter -->
  <testcase classname="maxapplication.SearchTest" name="verifySearchAndApplyPriceFilter" time="0.0">
    <ignored/>
  </testcase> <!-- verifySearchAndApplyPriceFilter -->
  <testcase classname="maxapplication.SearchTest" name="clearSearchFieldAndValidate" time="0.0">
    <ignored/>
  </testcase> <!-- clearSearchFieldAndValidate -->
  <testcase classname="maxapplication.SearchTest" name="searchNonExistProductAndValidateError" time="0.0">
    <ignored/>
  </testcase> <!-- searchNonExistProductAndValidateError -->
  <testcase classname="maxapplication.SearchTest" name="searchInvalidProductAndValidateError" time="0.0">
    <ignored/>
  </testcase> <!-- searchInvalidProductAndValidateError -->
  <testcase classname="maxapplication.SearchTest" name="selectProductFromSuggestionAndValidateResult" time="0.0">
    <ignored/>
  </testcase> <!-- selectProductFromSuggestionAndValidateResult -->
  <testcase classname="maxapplication.SearchTest" name="verifyPopularSearchFunctionality" time="0.0">
    <ignored/>
  </testcase> <!-- verifyPopularSearchFunctionality -->
</testsuite> <!-- Default test -->
