<?xml version="1.0" encoding="UTF-8"?>
<!-- Generated by org.testng.reporters.JUnitXMLReporter -->
<testsuite ignored="0" hostname="ASPLAP1651" failures="0" tests="3" name="Test" time="0.06" errors="0" timestamp="2025-01-08T10:24:04 IST">
  <testcase classname="testng_framework.TestNGExample" name="testMethod2" time="0.009"/>
  <testcase classname="testng_framework.TestNGExample" name="testMethod2" time="0.003"/>
  <testcase classname="testng_framework.TestNGExample" name="testMethod" time="0.003"/>
</testsuite> <!-- Test -->
