<?xml version="1.0" encoding="UTF-8"?>
<!-- Generated by org.testng.reporters.JUnitXMLReporter -->
<testsuite ignored="8" hostname="ASPLAP1651" failures="0" tests="2" name="Test" time="21.886" errors="0" timestamp="2025-02-18T10:01:31 IST">
  <testcase classname="maxapplication.SearchTest" name="testCase11" time="5.294"/>
  <testcase classname="maxapplication.SearchTest" name="testCase12" time="1.876"/>
  <testcase classname="maxapplication.SearchTest" name="testCase13" time="0.0">
    <ignored/>
  </testcase> <!-- testCase13 -->
  <testcase classname="maxapplication.SearchTest" name="testCase19" time="0.0">
    <ignored/>
  </testcase> <!-- testCase19 -->
  <testcase classname="maxapplication.SearchTest" name="testCase18" time="0.0">
    <ignored/>
  </testcase> <!-- testCase18 -->
  <testcase classname="maxapplication.SearchTest" name="testCase17" time="0.0">
    <ignored/>
  </testcase> <!-- testCase17 -->
  <testcase classname="maxapplication.SearchTest" name="testCase20" time="0.0">
    <ignored/>
  </testcase> <!-- testCase20 -->
  <testcase classname="maxapplication.SearchTest" name="testCase16" time="0.0">
    <ignored/>
  </testcase> <!-- testCase16 -->
  <testcase classname="maxapplication.SearchTest" name="testCase15" time="0.0">
    <ignored/>
  </testcase> <!-- testCase15 -->
  <testcase classname="maxapplication.SearchTest" name="testCase14" time="0.0">
    <ignored/>
  </testcase> <!-- testCase14 -->
</testsuite> <!-- Test -->
