<?xml version="1.0" encoding="UTF-8"?>
<!-- Generated by org.testng.reporters.JUnitXMLReporter -->
<testsuite ignored="0" hostname="ASPLAP1651" failures="1" tests="1" name="SearchTest-Sanity" time="0.061" errors="0" timestamp="2025-02-18T11:24:57 IST">
  <testcase classname="maxapplication.HomeTest" name="testCase1" time="0.015">
    <failure type="java.lang.NullPointerException" message="Cannot invoke &amp;quot;pages.HomePage.getApplicationTitle()&amp;quot; because &amp;quot;this.homePage&amp;quot; is null">
      <![CDATA[java.lang.NullPointerException: Cannot invoke "pages.HomePage.getApplicationTitle()" because "this.homePage" is null
at maxapplication.HomeTest.testCase1(HomeTest.java:31)
at java.base/java.util.ArrayList.forEach(ArrayList.java:1597)
... Removed 25 stack frames]]>
    </failure>
  </testcase> <!-- testCase1 -->
</testsuite> <!-- SearchTest-Sanity -->
