<?xml version="1.0" encoding="UTF-8"?>
<!-- Generated by org.testng.reporters.JUnitXMLReporter -->
<testsuite ignored="0" hostname="ASPLAP1651" failures="0" tests="10" name="SearchTest" time="83.389" errors="0" timestamp="2025-02-25T12:01:01 IST">
  <testcase classname="maxapplication.SearchTest" name="verifyProductSearchFunctionality" time="3.468"/>
  <testcase classname="maxapplication.SearchTest" name="verifyPopularSearchVisibility" time="3.346"/>
  <testcase classname="maxapplication.SearchTest" name="clearSearchFieldAndValidate" time="3.059"/>
  <testcase classname="maxapplication.SearchTest" name="searchNonExistProductAndValidateError" time="2.671"/>
  <testcase classname="maxapplication.SearchTest" name="searchInvalidProductAndValidateError" time="3.829"/>
  <testcase classname="maxapplication.SearchTest" name="selectProductFromSuggestionAndValidateResult" time="3.394"/>
  <testcase classname="maxapplication.SearchTest" name="verifySearchAndApplyPriceFilter" time="4.162"/>
  <testcase classname="maxapplication.SearchTest" name="verifySearchFunctionalityWithSpecialCharacter" time="3.237"/>
  <testcase classname="maxapplication.SearchTest" name="verifyPopularSearchFunctionality" time="3.266"/>
  <testcase classname="maxapplication.SearchTest" name="clearRecentSearch" time="8.933"/>
</testsuite> <!-- SearchTest -->
