<?xml version="1.0" encoding="UTF-8"?>
<testng-results ignored="0" total="1" passed="1" failed="0" skipped="0">
  <reporter-output>
  </reporter-output>
  <suite started-at="2025-02-07T09:55:22 IST" name="Default suite" finished-at="2025-02-07T09:55:27 IST" duration-ms="5237">
    <groups>
    </groups>
    <test started-at="2025-02-07T09:55:22 IST" name="Default test" finished-at="2025-02-07T09:55:27 IST" duration-ms="5237">
      <class name="max.LoginTest">
        <test-method is-config="true" signature="driverSetup()[pri:0, instance:max.LoginTest@689604d9]" started-at="2025-02-07T09:55:22 IST" name="driverSetup" finished-at="2025-02-07T09:55:26 IST" duration-ms="4433" status="PASS">
          <reporter-output>
          </reporter-output>
        </test-method> <!-- driverSetup -->
        <test-method signature="success()[pri:0, instance:max.LoginTest@689604d9]" started-at="2025-02-07T09:55:27 IST" name="success" finished-at="2025-02-07T09:55:27 IST" duration-ms="261" status="PASS">
          <reporter-output>
          </reporter-output>
        </test-method> <!-- success -->
      </class> <!-- max.LoginTest -->
    </test> <!-- Default test -->
  </suite> <!-- Default suite -->
</testng-results>
