<?xml version="1.0" encoding="UTF-8"?>
<testng-results ignored="0" total="1" passed="1" failed="0" skipped="0">
  <reporter-output>
    <line>
      <![CDATA[Expected result: max]]>
    </line>
    <line>
      <![CDATA[Actual result: max]]>
    </line>
    <line>
      <![CDATA[<a href="C:\Users\saru.dhavamani\Desktop\Selenium\Application_Max\screenshots\home\verifyAppLaunch(1).png" target="_blank">Screenshot: App is launched</a>]]>
    </line>
    <line>
      <![CDATA[Test Passed: Application launched successfully and screenshot captured.]]>
    </line>
  </reporter-output>
  <suite started-at="2025-02-25T17:25:36 IST" name="HomeSuite" finished-at="2025-02-25T17:25:44 IST" duration-ms="7253">
    <groups>
      <group name="home-sanity">
        <method signature="HomeTest.verifyAppLaunch()[pri:1, instance:maxapplication.HomeTest@c86b9e3]" name="verifyAppLaunch" class="maxapplication.HomeTest"/>
      </group> <!-- home-sanity -->
    </groups>
    <test started-at="2025-02-25T17:25:36 IST" name="HomeTest" finished-at="2025-02-25T17:25:44 IST" duration-ms="7253">
      <class name="maxapplication.HomeTest">
        <test-method is-config="true" signature="setUp()[pri:0, instance:maxapplication.HomeTest@c86b9e3]" started-at="2025-02-25T17:25:36 IST" name="setUp" finished-at="2025-02-25T17:25:40 IST" duration-ms="4022" status="PASS">
          <reporter-output>
          </reporter-output>
        </test-method> <!-- setUp -->
        <test-method signature="verifyAppLaunch()[pri:1, instance:maxapplication.HomeTest@c86b9e3]" started-at="2025-02-25T17:25:40 IST" name="verifyAppLaunch" description="Verifies user can launch Max application with valid URL" finished-at="2025-02-25T17:25:42 IST" duration-ms="1732" status="PASS">
          <reporter-output>
            <line>
              <![CDATA[Expected result: max]]>
            </line>
            <line>
              <![CDATA[Actual result: max]]>
            </line>
            <line>
              <![CDATA[<a href="C:\Users\saru.dhavamani\Desktop\Selenium\Application_Max\screenshots\home\verifyAppLaunch(1).png" target="_blank">Screenshot: App is launched</a>]]>
            </line>
            <line>
              <![CDATA[Test Passed: Application launched successfully and screenshot captured.]]>
            </line>
          </reporter-output>
        </test-method> <!-- verifyAppLaunch -->
        <test-method is-config="true" signature="closeDriver()[pri:0, instance:maxapplication.HomeTest@c86b9e3]" started-at="2025-02-25T17:25:42 IST" name="closeDriver" finished-at="2025-02-25T17:25:44 IST" duration-ms="1450" status="PASS">
          <reporter-output>
          </reporter-output>
        </test-method> <!-- closeDriver -->
      </class> <!-- maxapplication.HomeTest -->
    </test> <!-- HomeTest -->
  </suite> <!-- HomeSuite -->
</testng-results>
