<?xml version="1.0" encoding="UTF-8"?>
<!-- Generated by org.testng.reporters.JUnitReportReporter -->
<testsuite hostname="ASPLAP1651" failures="0" tests="1" name="maxapplication.HomeTest" time="7.204" errors="0" timestamp="2025-02-25T17:25:44 IST" skipped="0">
  <testcase classname="maxapplication.HomeTest" name="verifyAppLaunch" time="7.204">
    <system-out>
      <![CDATA[Expected result: max
Actual result: max
<a href="C:\Users\saru.dhavamani\Desktop\Selenium\Application_Max\screenshots\home\verifyAppLaunch(1).png" target="_blank">Screenshot: App is launched</a>
Test Passed: Application launched successfully and screenshot captured.]]>
    </system-out>
  </testcase> <!-- verifyAppLaunch -->
  <system-out>
    <![CDATA[Expected result: max
Actual result: max
<a href="C:\Users\saru.dhavamani\Desktop\Selenium\Application_Max\screenshots\home\verifyAppLaunch(1).png" target="_blank">Screenshot: App is launched</a>
Test Passed: Application launched successfully and screenshot captured.]]>
  </system-out>
</testsuite> <!-- maxapplication.HomeTest -->
