<?xml version="1.0" encoding="UTF-8"?>
<!-- Generated by org.testng.reporters.JUnitReportReporter -->
<testsuite hostname="ASPLAP1651" failures="0" tests="2" name="testng_framework.Parallel" time="0.030" errors="0" timestamp="2025-01-16T11:55:17 IST" skipped="0">
  <testcase classname="testng_framework.Parallel" name="EdgeTest" time="0.016"/>
  <system-out/>
  <testcase classname="testng_framework.Parallel" name="ChromeTest" time="0.014"/>
  <system-out/>
</testsuite> <!-- testng_framework.Parallel -->
