<?xml version="1.0" encoding="UTF-8"?>
<!-- Generated by org.testng.reporters.JUnitReportReporter -->
<testsuite hostname="ASPLAP1651" failures="0" tests="3" name="testng_framework.TestNGExample" time="0.018" errors="0" timestamp="2025-01-08T10:24:05 IST" skipped="0">
  <testcase classname="testng_framework.TestNGExample" name="testMethod2" time="0.011"/>
  <system-out/>
  <testcase classname="testng_framework.TestNGExample" name="testMethod2" time="0.004"/>
  <system-out/>
  <testcase classname="testng_framework.TestNGExample" name="testMethod" time="0.003"/>
  <system-out/>
</testsuite> <!-- testng_framework.TestNGExample -->
