<?xml version="1.0" encoding="UTF-8"?>
<!-- Generated by org.testng.reporters.JUnitReportReporter -->
<testsuite hostname="ASPLAP1651" failures="0" tests="4" name="frameworkdesign.KeywordDrivenExample" time="0.029" errors="0" timestamp="2025-01-07T22:46:07 IST" skipped="0">
  <testcase classname="frameworkdesign.KeywordDrivenExample" name="testMethod2" time="0.005"/>
  <system-out/>
  <testcase classname="frameworkdesign.KeywordDrivenExample" name="testMethod2" time="0.012"/>
  <system-out/>
  <testcase classname="frameworkdesign.KeywordDrivenExample" name="testMethod2" time="0.008"/>
  <system-out/>
  <testcase classname="frameworkdesign.KeywordDrivenExample" name="testMethod" time="0.004"/>
  <system-out/>
</testsuite> <!-- frameworkdesign.KeywordDrivenExample -->
