<?xml version="1.0" encoding="UTF-8"?>
<!-- Generated by org.testng.reporters.JUnitReportReporter -->
<testsuite hostname="ASPLAP1651" failures="0" tests="7" name="maxapplication.SmokeTest" time="35.809" errors="1" timestamp="2025-02-25T11:59:27 IST" skipped="2">
  <testcase classname="maxapplication.SmokeTest" name="verifyAppLaunch" time="2.579">
    <system-out>
      <![CDATA[Expected result: max
Actual result: max
<a href="C:\Users\saru.dhavamani\Desktop\Selenium\Application_Max\screenshots\smokeTest\verifyAppLaunch(1).png" target="_blank">Screenshot: App is launched</a>
Test Passed: Application launched successfully and screenshot captured.]]>
    </system-out>
  </testcase> <!-- verifyAppLaunch -->
  <testcase classname="maxapplication.SmokeTest" name="verifyProductSearchsFunctionality" time="2.999">
    <system-out>
      <![CDATA[Clicking on the search box.
Entering product name 'Women Top Wear' in the search box.
Submitting the search query.
<a href= "C:\Users\saru.dhavamani\Desktop\Selenium\Application_Max\screenshots\smokeTest\verifyProductSearchFunctionality(1).png" target = "_blank">Screenshot: Searching Women Top Wear</a>
<a href= "C:\Users\saru.dhavamani\Desktop\Selenium\Application_Max\screenshots\smokeTest\verifyProductSearchFunctionality(2).png" target = "_blank">Screenshot: Search result</a>
Verifying the search result.
Test Passed: Product search result matches the expected result and screenshot captured.]]>
    </system-out>
  </testcase> <!-- verifyProductSearchsFunctionality -->
  <testcase classname="maxapplication.SmokeTest" name="verifySearchAndApplyPriceFilter" time="4.201">
    <system-out>
      <![CDATA[Applying the price filter.
<a href= "C:\Users\saru.dhavamani\Desktop\Selenium\Application_Max\screenshots\smokeTest\verifySearchAndApplyPriceFilter(1).png" target = "_blank">Screenshot: Entering minimum price</a>
<a href= "C:\Users\saru.dhavamani\Desktop\Selenium\Application_Max\screenshots\smokeTest\verifySearchAndApplyPriceFilter(2).png" target = "_blank">Screenshot: Entering maximum price</a>
Verifying if the price filter is applied.
<a href= "C:\Users\saru.dhavamani\Desktop\Selenium\Application_Max\screenshots\smokeTest\verifySearchAndApplyPriceFilter(3).png" target = "_blank">Screenshot: Price filter is applied</a>
Test Passed: Price filter is successfully applied and screenshot captured.]]>
    </system-out>
  </testcase> <!-- verifySearchAndApplyPriceFilter -->
  <testcase classname="maxapplication.SmokeTest" name="clickProduct" time="4.084">
    <system-out>
      <![CDATA[Fetching the product name
Scrolling to the product
Clicking a product
<a href= "C:\Users\saru.dhavamani\Desktop\Selenium\Application_Max\screenshots\smokeTest\clickProduct(1).png" target = "_blank">Screenshot: Clicking a product from search result</a>
Clicked a product
Switching the control to the next tab
Switched the control to the next tab
Fetching the product name in the product detailed page
<a href= "C:\Users\saru.dhavamani\Desktop\Selenium\Application_Max\screenshots\smokeTest\clickProduct(2).png" target = "_blank">Screenshot: Visibility of product detailed page</a>
Comparing the actual and the expected result
Test Passed: Product detailed page is accessible, product is relevent and screenshot captured.]]>
    </system-out>
  </testcase> <!-- clickProduct -->
  <testcase classname="maxapplication.SmokeTest" name="chooseSize" time="21.946">
    <error message="java.lang.reflect.InvocationTargetException
Build info: version: &#039;4.27.0&#039;, revision: &#039;d6e718d134&#039;
System info: os.name: &#039;Windows 10&#039;, os.arch: &#039;amd64&#039;, os.version: &#039;10.0&#039;, java.version: &#039;23.0.1&#039;
Driver info: org.openqa.selenium.edge.EdgeDriver
Command: [e17b330ce3b1598bf23aa1b0ff55559b, actions {actions=[org.openqa.selenium.interactions.Sequence@405325cf]}]
Capabilities {acceptInsecureCerts: false, browserName: MicrosoftEdge, browserVersion: 133.0.3065.82, fedcm:accounts: true, ms:edgeOptions: {debuggerAddress: localhost:58697}, msedge: {msedgedriverVersion: 133.0.3065.82 (e8aeaf3e0117..., userDataDir: C:\Users\SARU~1.DHA\AppData...}, networkConnectionEnabled: false, pageLoadStrategy: normal, platformName: windows, proxy: Proxy(), se:cdp: ws://localhost:58697/devtoo..., se:cdpVersion: 133.0.3065.82, setWindowRect: true, strictFileInteractability: false, timeouts: {implicit: 0, pageLoad: 300000, script: 30000}, unhandledPromptBehavior: dismiss and notify, webauthn:extension:credBlob: true, webauthn:extension:largeBlob: true, webauthn:extension:minPinLength: true, webauthn:extension:prf: true, webauthn:virtualAuthenticators: true}
Session ID: e17b330ce3b1598bf23aa1b0ff55559b" type="org.openqa.selenium.json.JsonException">
      <![CDATA[org.openqa.selenium.json.JsonException: java.lang.reflect.InvocationTargetException
Build info: version: '4.27.0', revision: 'd6e718d134'
System info: os.name: 'Windows 10', os.arch: 'amd64', os.version: '10.0', java.version: '23.0.1'
Driver info: org.openqa.selenium.edge.EdgeDriver
Command: [e17b330ce3b1598bf23aa1b0ff55559b, actions {actions=[org.openqa.selenium.interactions.Sequence@405325cf]}]
Capabilities {acceptInsecureCerts: false, browserName: MicrosoftEdge, browserVersion: 133.0.3065.82, fedcm:accounts: true, ms:edgeOptions: {debuggerAddress: localhost:58697}, msedge: {msedgedriverVersion: 133.0.3065.82 (e8aeaf3e0117..., userDataDir: C:\Users\SARU~1.DHA\AppData...}, networkConnectionEnabled: false, pageLoadStrategy: normal, platformName: windows, proxy: Proxy(), se:cdp: ws://localhost:58697/devtoo..., se:cdpVersion: 133.0.3065.82, setWindowRect: true, strictFileInteractability: false, timeouts: {implicit: 0, pageLoad: 300000, script: 30000}, unhandledPromptBehavior: dismiss and notify, webauthn:extension:credBlob: true, webauthn:extension:largeBlob: true, webauthn:extension:minPinLength: true, webauthn:extension:prf: true, webauthn:virtualAuthenticators: true}
Session ID: e17b330ce3b1598bf23aa1b0ff55559b
at org.openqa.selenium.json.JsonOutput.convertUsingMethod(JsonOutput.java:520)
at org.openqa.selenium.json.JsonOutput.lambda$new$16(JsonOutput.java:182)
at org.openqa.selenium.json.JsonOutput.write0(JsonOutput.java:409)
at org.openqa.selenium.json.JsonOutput.lambda$new$22(JsonOutput.java:204)
at java.base/java.util.stream.ForEachOps$ForEachOp$OfRef.accept(ForEachOps.java:184)
at java.base/java.util.stream.ReferencePipeline$2$1.accept(ReferencePipeline.java:197)
at java.base/java.util.Iterator.forEachRemaining(Iterator.java:133)
at java.base/java.util.Spliterators$IteratorSpliterator.forEachRemaining(Spliterators.java:1939)
at java.base/java.util.stream.AbstractPipeline.copyInto(AbstractPipeline.java:570)
at java.base/java.util.stream.AbstractPipeline.wrapAndCopyInto(AbstractPipeline.java:560)
at java.base/java.util.stream.ForEachOps$ForEachOp.evaluateSequential(ForEachOps.java:151)
at java.base/java.util.stream.ForEachOps$ForEachOp$OfRef.evaluateSequential(ForEachOps.java:174)
at java.base/java.util.stream.AbstractPipeline.evaluate(AbstractPipeline.java:265)
at java.base/java.util.stream.ReferencePipeline.forEach(ReferencePipeline.java:636)
at org.openqa.selenium.json.JsonOutput.lambda$new$23(JsonOutput.java:204)
at org.openqa.selenium.json.JsonOutput.write0(JsonOutput.java:409)
at org.openqa.selenium.json.JsonOutput.lambda$new$24(JsonOutput.java:222)
at java.base/java.util.Map.forEach(Map.java:733)
at org.openqa.selenium.json.JsonOutput.lambda$new$25(JsonOutput.java:217)
at org.openqa.selenium.json.JsonOutput.write0(JsonOutput.java:409)
at org.openqa.selenium.json.JsonOutput.write(JsonOutput.java:400)
at org.openqa.selenium.json.Json.toJson(Json.java:133)
at org.openqa.selenium.json.Json.toJson(Json.java:119)
at org.openqa.selenium.remote.codec.AbstractHttpCommandCodec.encode(AbstractHttpCommandCodec.java:245)
at org.openqa.selenium.remote.codec.AbstractHttpCommandCodec.encode(AbstractHttpCommandCodec.java:111)
at org.openqa.selenium.remote.HttpCommandExecutor.execute(HttpCommandExecutor.java:178)
at org.openqa.selenium.remote.service.DriverCommandExecutor.invokeExecute(DriverCommandExecutor.java:216)
at org.openqa.selenium.remote.service.DriverCommandExecutor.execute(DriverCommandExecutor.java:174)
at org.openqa.selenium.remote.RemoteWebDriver.execute(RemoteWebDriver.java:545)
at org.openqa.selenium.remote.RemoteWebDriver.perform(RemoteWebDriver.java:631)
at org.openqa.selenium.interactions.Actions$BuiltAction.perform(Actions.java:613)
at org.openqa.selenium.interactions.Actions.perform(Actions.java:578)
at pages.SmokePage.chooseSize(SmokePage.java:304)
at maxapplication.SmokeTest.chooseSize(SmokeTest.java:148)
at java.base/jdk.internal.reflect.DirectMethodHandleAccessor.invoke(DirectMethodHandleAccessor.java:103)
at java.base/java.lang.reflect.Method.invoke(Method.java:580)
at org.testng.internal.invokers.MethodInvocationHelper.invokeMethod(MethodInvocationHelper.java:141)
at org.testng.internal.invokers.TestInvoker.invokeMethod(TestInvoker.java:687)
at org.testng.internal.invokers.TestInvoker.invokeTestMethod(TestInvoker.java:230)
at org.testng.internal.invokers.MethodRunner.runInSequence(MethodRunner.java:63)
at org.testng.internal.invokers.TestInvoker$MethodInvocationAgent.invoke(TestInvoker.java:995)
at org.testng.internal.invokers.TestInvoker.invokeTestMethods(TestInvoker.java:203)
at org.testng.internal.invokers.TestMethodWorker.invokeTestMethods(TestMethodWorker.java:154)
at org.testng.internal.invokers.TestMethodWorker.run(TestMethodWorker.java:134)
at java.base/java.util.ArrayList.forEach(ArrayList.java:1597)
at org.testng.TestRunner.privateRun(TestRunner.java:741)
at org.testng.TestRunner.run(TestRunner.java:616)
at org.testng.SuiteRunner.runTest(SuiteRunner.java:421)
at org.testng.SuiteRunner.runSequentially(SuiteRunner.java:413)
at org.testng.SuiteRunner.privateRun(SuiteRunner.java:373)
at org.testng.SuiteRunner.run(SuiteRunner.java:312)
at org.testng.SuiteRunnerWorker.runSuite(SuiteRunnerWorker.java:52)
at org.testng.SuiteRunnerWorker.run(SuiteRunnerWorker.java:95)
at org.testng.TestNG.runSuitesSequentially(TestNG.java:1274)
at org.testng.TestNG.runSuitesLocally(TestNG.java:1208)
at org.testng.TestNG.runSuites(TestNG.java:1112)
at org.testng.TestNG.run(TestNG.java:1079)
at org.testng.remote.AbstractRemoteTestNG.run(AbstractRemoteTestNG.java:115)
at org.testng.remote.RemoteTestNG.initAndRun(RemoteTestNG.java:293)
at org.testng.remote.RemoteTestNG.main(RemoteTestNG.java:91)
Suppressed: org.openqa.selenium.json.JsonException: Attempting to close incomplete json stream
Build info: version: '4.27.0', revision: 'd6e718d134'
System info: os.name: 'Windows 10', os.arch: 'amd64', os.version: '10.0', java.version: '23.0.1'
Driver info: driver.version: RemoteWebDriver
at org.openqa.selenium.json.JsonOutput.close(JsonOutput.java:431)
at org.openqa.selenium.json.Json.toJson(Json.java:131)
... 38 more
Caused by: java.lang.reflect.InvocationTargetException
at java.base/jdk.internal.reflect.DirectMethodHandleAccessor.invoke(DirectMethodHandleAccessor.java:118)
at java.base/java.lang.reflect.Method.invoke(Method.java:580)
at org.openqa.selenium.json.JsonOutput.convertUsingMethod(JsonOutput.java:516)
... 59 more
Caused by: org.openqa.selenium.remote.UnreachableBrowserException: Error communicating with the remote browser. It may have died.
Build info: version: '4.27.0', revision: 'd6e718d134'
System info: os.name: 'Windows 10', os.arch: 'amd64', os.version: '10.0', java.version: '23.0.1'
Driver info: org.openqa.selenium.edge.EdgeDriver
Command: [e17b330ce3b1598bf23aa1b0ff55559b, findElement [value, using]]
Capabilities {acceptInsecureCerts: false, browserName: MicrosoftEdge, browserVersion: 133.0.3065.82, fedcm:accounts: true, ms:edgeOptions: {debuggerAddress: localhost:58697}, msedge: {msedgedriverVersion: 133.0.3065.82 (e8aeaf3e0117..., userDataDir: C:\Users\SARU~1.DHA\AppData...}, networkConnectionEnabled: false, pageLoadStrategy: normal, platformName: windows, proxy: Proxy(), se:cdp: ws://localhost:58697/devtoo..., se:cdpVersion: 133.0.3065.82, setWindowRect: true, strictFileInteractability: false, timeouts: {implicit: 0, pageLoad: 300000, script: 30000}, unhandledPromptBehavior: dismiss and notify, webauthn:extension:credBlob: true, webauthn:extension:largeBlob: true, webauthn:extension:minPinLength: true, webauthn:extension:prf: true, webauthn:virtualAuthenticators: true}
Session ID: e17b330ce3b1598bf23aa1b0ff55559b
at org.openqa.selenium.remote.RemoteWebDriver.execute(RemoteWebDriver.java:572)
at org.openqa.selenium.remote.ElementLocation$ElementFinder$2.findElement(ElementLocation.java:165)
at org.openqa.selenium.remote.ElementLocation.findElement(ElementLocation.java:59)
at org.openqa.selenium.remote.RemoteWebDriver.findElement(RemoteWebDriver.java:368)
at org.openqa.selenium.remote.RemoteWebDriver.findElement(RemoteWebDriver.java:362)
at org.openqa.selenium.support.pagefactory.DefaultElementLocator.findElement(DefaultElementLocator.java:68)
at org.openqa.selenium.support.pagefactory.internal.LocatingElementHandler.invoke(LocatingElementHandler.java:38)
at jdk.proxy2/jdk.proxy2.$Proxy12.getWrappedElement(Unknown Source)
at org.openqa.selenium.interactions.PointerInput$Origin.asArg(PointerInput.java:259)
at org.openqa.selenium.interactions.PointerInput$Move.encode(PointerInput.java:208)
at org.openqa.selenium.interactions.Sequence.encode(Sequence.java:72)
at org.openqa.selenium.interactions.Sequence.toJson(Sequence.java:81)
at java.base/jdk.internal.reflect.DirectMethodHandleAccessor.invoke(DirectMethodHandleAccessor.java:103)
... 61 more
Caused by: java.io.UncheckedIOException: java.io.IOException: HTTP/1.1 header parser received no bytes
at org.openqa.selenium.remote.http.jdk.JdkHttpClient.execute0(JdkHttpClient.java:496)
at org.openqa.selenium.remote.http.AddSeleniumUserAgent.lambda$apply$0(AddSeleniumUserAgent.java:42)
at org.openqa.selenium.remote.http.Filter.lambda$andFinally$1(Filter.java:55)
at org.openqa.selenium.remote.http.jdk.JdkHttpClient.lambda$executeAsync$1(JdkHttpClient.java:383)
at java.base/java.util.concurrent.Executors$RunnableAdapter.call(Executors.java:572)
at java.base/java.util.concurrent.FutureTask.run(FutureTask.java:317)
at java.base/java.util.concurrent.ThreadPoolExecutor.runWorker(ThreadPoolExecutor.java:1144)
at java.base/java.util.concurrent.ThreadPoolExecutor$Worker.run(ThreadPoolExecutor.java:642)
at java.base/java.lang.Thread.run(Thread.java:1575)
Caused by: java.io.IOException: HTTP/1.1 header parser received no bytes
at java.net.http/jdk.internal.net.http.HttpClientImpl.send(HttpClientImpl.java:971)
at java.net.http/jdk.internal.net.http.HttpClientFacade.send(HttpClientFacade.java:133)
at org.openqa.selenium.remote.http.jdk.JdkHttpClient.execute0(JdkHttpClient.java:455)
... 8 more
Caused by: java.io.IOException: HTTP/1.1 header parser received no bytes
at java.net.http/jdk.internal.net.http.common.Utils.wrapWithExtraDetail(Utils.java:440)
at java.net.http/jdk.internal.net.http.Http1Response$HeadersReader.onReadError(Http1Response.java:590)
at java.net.http/jdk.internal.net.http.Http1AsyncReceiver.checkForErrors(Http1AsyncReceiver.java:302)
at java.net.http/jdk.internal.net.http.Http1AsyncReceiver.flush(Http1AsyncReceiver.java:268)
at java.net.http/jdk.internal.net.http.common.SequentialScheduler$LockingRestartableTask.run(SequentialScheduler.java:182)
at java.net.http/jdk.internal.net.http.common.SequentialScheduler$CompleteRestartableTask.run(SequentialScheduler.java:149)
at java.net.http/jdk.internal.net.http.common.SequentialScheduler$SchedulableTask.run(SequentialScheduler.java:207)
... 3 more
Caused by: java.net.SocketException: Connection reset
at java.base/sun.nio.ch.SocketChannelImpl.throwConnectionReset(SocketChannelImpl.java:403)
at java.base/sun.nio.ch.SocketChannelImpl.implRead(SocketChannelImpl.java:435)
at java.base/sun.nio.ch.SocketChannelImpl.read(SocketChannelImpl.java:493)
at java.net.http/jdk.internal.net.http.SocketTube.readAvailable(SocketTube.java:1178)
at java.net.http/jdk.internal.net.http.SocketTube$InternalReadPublisher$InternalReadSubscription.read(SocketTube.java:841)
at java.net.http/jdk.internal.net.http.SocketTube$SocketFlowTask.run(SocketTube.java:181)
at java.net.http/jdk.internal.net.http.common.SequentialScheduler$SchedulableTask.run(SequentialScheduler.java:207)
at java.net.http/jdk.internal.net.http.common.SequentialScheduler.runOrSchedule(SequentialScheduler.java:280)
at java.net.http/jdk.internal.net.http.common.SequentialScheduler.runOrSchedule(SequentialScheduler.java:233)
at java.net.http/jdk.internal.net.http.SocketTube$InternalReadPublisher$InternalReadSubscription.signalReadable(SocketTube.java:782)
at java.net.http/jdk.internal.net.http.SocketTube$InternalReadPublisher$ReadEvent.signalEvent(SocketTube.java:965)
at java.net.http/jdk.internal.net.http.SocketTube$SocketFlowEvent.handle(SocketTube.java:253)
at java.net.http/jdk.internal.net.http.HttpClientImpl$SelectorManager.handleEvent(HttpClientImpl.java:1478)
at java.net.http/jdk.internal.net.http.HttpClientImpl$SelectorManager.lambda$run$3(HttpClientImpl.java:1423)
at java.base/java.util.ArrayList.forEach(ArrayList.java:1597)
at java.net.http/jdk.internal.net.http.HttpClientImpl$SelectorManager.run(HttpClientImpl.java:1423)
]]>
    </error>
    <system-out>
      <![CDATA[Scrolling to view the size option
Scrolled the page and size option is visible
<a href= "C:\Users\saru.dhavamani\Desktop\Selenium\Application_Max\screenshots\smokeTest\chooseSize(1).png" target = "_blank">Screenshot: Scrolled to view sizes</a>
Clicking the size S button]]>
    </system-out>
  </testcase> <!-- chooseSize -->
  <testcase classname="maxapplication.SmokeTest" name="addProductToBasket" time="0.000">
    <skipped/>
  </testcase> <!-- addProductToBasket -->
  <testcase classname="maxapplication.SmokeTest" name="checkOutNow" time="0.000">
    <skipped/>
  </testcase> <!-- checkOutNow -->
  <system-out>
    <![CDATA[Expected result: max
Actual result: max
<a href="C:\Users\saru.dhavamani\Desktop\Selenium\Application_Max\screenshots\smokeTest\verifyAppLaunch(1).png" target="_blank">Screenshot: App is launched</a>
Test Passed: Application launched successfully and screenshot captured.
Clicking on the search box.
Entering product name 'Women Top Wear' in the search box.
Submitting the search query.
<a href= "C:\Users\saru.dhavamani\Desktop\Selenium\Application_Max\screenshots\smokeTest\verifyProductSearchFunctionality(1).png" target = "_blank">Screenshot: Searching Women Top Wear</a>
<a href= "C:\Users\saru.dhavamani\Desktop\Selenium\Application_Max\screenshots\smokeTest\verifyProductSearchFunctionality(2).png" target = "_blank">Screenshot: Search result</a>
Verifying the search result.
Test Passed: Product search result matches the expected result and screenshot captured.
Applying the price filter.
<a href= "C:\Users\saru.dhavamani\Desktop\Selenium\Application_Max\screenshots\smokeTest\verifySearchAndApplyPriceFilter(1).png" target = "_blank">Screenshot: Entering minimum price</a>
<a href= "C:\Users\saru.dhavamani\Desktop\Selenium\Application_Max\screenshots\smokeTest\verifySearchAndApplyPriceFilter(2).png" target = "_blank">Screenshot: Entering maximum price</a>
Verifying if the price filter is applied.
<a href= "C:\Users\saru.dhavamani\Desktop\Selenium\Application_Max\screenshots\smokeTest\verifySearchAndApplyPriceFilter(3).png" target = "_blank">Screenshot: Price filter is applied</a>
Test Passed: Price filter is successfully applied and screenshot captured.
Fetching the product name
Scrolling to the product
Clicking a product
<a href= "C:\Users\saru.dhavamani\Desktop\Selenium\Application_Max\screenshots\smokeTest\clickProduct(1).png" target = "_blank">Screenshot: Clicking a product from search result</a>
Clicked a product
Switching the control to the next tab
Switched the control to the next tab
Fetching the product name in the product detailed page
<a href= "C:\Users\saru.dhavamani\Desktop\Selenium\Application_Max\screenshots\smokeTest\clickProduct(2).png" target = "_blank">Screenshot: Visibility of product detailed page</a>
Comparing the actual and the expected result
Test Passed: Product detailed page is accessible, product is relevent and screenshot captured.
Scrolling to view the size option
Scrolled the page and size option is visible
<a href= "C:\Users\saru.dhavamani\Desktop\Selenium\Application_Max\screenshots\smokeTest\chooseSize(1).png" target = "_blank">Screenshot: Scrolled to view sizes</a>
Clicking the size S button]]>
  </system-out>
</testsuite> <!-- maxapplication.SmokeTest -->
