<?xml version="1.0" encoding="UTF-8"?>
<!-- Generated by org.testng.reporters.JUnitReportReporter -->
<testsuite hostname="ASPLAP1651" failures="0" tests="7" name="maxapplication.LoginTest" time="168.182" errors="3" timestamp="2025-02-25T12:10:43 IST" skipped="0">
  <testcase classname="maxapplication.LoginTest" name="verifySignInForm" time="7.535">
    <system-out>
      <![CDATA[Attempting to click the sign-in button.
Sign-in button clicked successfully.
Verifying if the sign-in form is displayed.
<a href= "C:\Users\saru.dhavamani\Desktop\Selenium\Application_Max\screenshots\login\verifySignInForm(1).png" target = "_blank">Screenshot: Sign in form</a>
Test passed: Sign-in form is displayed and screenshot captured.]]>
    </system-out>
  </testcase> <!-- verifySignInForm -->
  <testcase classname="maxapplication.LoginTest" name="verifyMobileNumErrorMsg" time="6.567">
    <system-out>
      <![CDATA[Attempting to click the sign-in button.
Sign-in button clicked successfully.
<a href= "C:\Users\saru.dhavamani\Desktop\Selenium\Application_Max\screenshots\login\verifyMobileNumErrorMsg(1).png" target = "_blank">Screenshot: Sign in form</a>
Clicking the continue button.
Clicked continue button.
<a href= "C:\Users\saru.dhavamani\Desktop\Selenium\Application_Max\screenshots\login\verifyMobileNumErrorMsg(2).png" target = "_blank">Screenshot: Mobile number error</a>
Test Passed: Mobile number error message is displayed as expected and screenshot captured.]]>
    </system-out>
  </testcase> <!-- verifyMobileNumErrorMsg -->
  <testcase classname="maxapplication.LoginTest" name="verifyInvalidMobileNumErrorMsg" time="5.637">
    <system-out>
      <![CDATA[Attempting to click the sign-in button.
Sign-in button clicked successfully.
Entering invalid mobile number: 77087
Entered mobile number : 77087
<a href= "C:\Users\saru.dhavamani\Desktop\Selenium\Application_Max\screenshots\login\verifyInvalidMobileNumErrorMsg(1).png" target = "_blank">Screenshot: Entering mobile number</a>
Clicking the continue button.
Clicked continue button.
<a href= "C:\Users\saru.dhavamani\Desktop\Selenium\Application_Max\screenshots\login\verifyInvalidMobileNumErrorMsg(2).png" target = "_blank">Screenshot: Mobile number error</a>
Test passed: Error message displayed as expected for invalid mobile number and screenshot captured.]]>
    </system-out>
  </testcase> <!-- verifyInvalidMobileNumErrorMsg -->
  <testcase classname="maxapplication.LoginTest" name="verifyOtpConfirmationMsg" time="12.467">
    <system-out>
      <![CDATA[Attempting to click the sign-in button.
Sign-in button clicked successfully.
Entering mobile number: 7708715475
Entered mobile number : 7708715475
<a href= "C:\Users\saru.dhavamani\Desktop\Selenium\Application_Max\screenshots\login\verifyOtpConfirmationMsg(1).png" target = "_blank">Screenshot: Entering mobile number</a>
Clicking the continue button.
Clicked continue button.
Verifying OTP confirmation message.
OTP confirmation message is displayed successfully.
<a href= "C:\Users\saru.dhavamani\Desktop\Selenium\Application_Max\screenshots\login\verifyOtpConfirmationMsg(2).png" target = "_blank">Screenshot: Visibility of OTP page</a>
Test Passed: OTP confirmation message displayed as expected and screenshot captured.]]>
    </system-out>
  </testcase> <!-- verifyOtpConfirmationMsg -->
  <testcase classname="maxapplication.LoginTest" name="verifyIncorrectOtpErrorMsg" time="45.066">
    <error message="Expected condition failed: waiting for visibility of Proxy element for: DefaultElementLocator &#039;By.id: mobileNumber&#039; (tried for 40 second(s) with 500 milliseconds interval)" type="org.openqa.selenium.TimeoutException">
      <![CDATA[org.openqa.selenium.TimeoutException: Expected condition failed: waiting for visibility of Proxy element for: DefaultElementLocator 'By.id: mobileNumber' (tried for 40 second(s) with 500 milliseconds interval)
at org.openqa.selenium.support.ui.WebDriverWait.timeoutException(WebDriverWait.java:84)
at org.openqa.selenium.support.ui.FluentWait.until(FluentWait.java:228)
at maxapplication.WaitManager.waitExplicit(WaitManager.java:18)
at pages.LoginPage.enterMobileNumber(LoginPage.java:81)
at maxapplication.LoginTest.verifyIncorrectOtpErrorMsg(LoginTest.java:178)
at java.base/jdk.internal.reflect.DirectMethodHandleAccessor.invoke(DirectMethodHandleAccessor.java:103)
at java.base/java.lang.reflect.Method.invoke(Method.java:580)
at org.testng.internal.invokers.MethodInvocationHelper.invokeMethod(MethodInvocationHelper.java:141)
at org.testng.internal.invokers.TestInvoker.invokeMethod(TestInvoker.java:687)
at org.testng.internal.invokers.TestInvoker.invokeTestMethod(TestInvoker.java:230)
at org.testng.internal.invokers.MethodRunner.runInSequence(MethodRunner.java:63)
at org.testng.internal.invokers.TestInvoker$MethodInvocationAgent.invoke(TestInvoker.java:995)
at org.testng.internal.invokers.TestInvoker.invokeTestMethods(TestInvoker.java:203)
at org.testng.internal.invokers.TestMethodWorker.invokeTestMethods(TestMethodWorker.java:154)
at org.testng.internal.invokers.TestMethodWorker.run(TestMethodWorker.java:134)
at java.base/java.util.ArrayList.forEach(ArrayList.java:1597)
at org.testng.TestRunner.privateRun(TestRunner.java:741)
at org.testng.TestRunner.run(TestRunner.java:616)
at org.testng.SuiteRunner.runTest(SuiteRunner.java:421)
at org.testng.SuiteRunner.runSequentially(SuiteRunner.java:413)
at org.testng.SuiteRunner.privateRun(SuiteRunner.java:373)
at org.testng.SuiteRunner.run(SuiteRunner.java:312)
at org.testng.SuiteRunnerWorker.runSuite(SuiteRunnerWorker.java:52)
at org.testng.SuiteRunnerWorker.run(SuiteRunnerWorker.java:95)
at org.testng.TestNG.runSuitesSequentially(TestNG.java:1274)
at org.testng.TestNG.runSuitesLocally(TestNG.java:1208)
at org.testng.TestNG.runSuites(TestNG.java:1112)
at org.testng.TestNG.run(TestNG.java:1079)
at org.testng.remote.AbstractRemoteTestNG.run(AbstractRemoteTestNG.java:115)
at org.testng.remote.RemoteTestNG.initAndRun(RemoteTestNG.java:293)
at org.testng.remote.RemoteTestNG.main(RemoteTestNG.java:91)
Caused by: org.openqa.selenium.NoSuchElementException: no such element: Unable to locate element: {"method":"css selector","selector":"#mobileNumber"}
  (Session info: MicrosoftEdge=133.0.3065.82)
For documentation on this error, please visit: https://www.selenium.dev/documentation/webdriver/troubleshooting/errors#no-such-element-exception
Build info: version: '4.27.0', revision: 'd6e718d134'
System info: os.name: 'Windows 10', os.arch: 'amd64', os.version: '10.0', java.version: '23.0.1'
Driver info: org.openqa.selenium.edge.EdgeDriver
Command: [4edde2dbd9ef0cff19ac90a4caf611ad, findElement {value=mobileNumber, using=id}]
Capabilities {acceptInsecureCerts: false, browserName: MicrosoftEdge, browserVersion: 133.0.3065.82, fedcm:accounts: true, ms:edgeOptions: {debuggerAddress: localhost:61035}, msedge: {msedgedriverVersion: 133.0.3065.82 (e8aeaf3e0117..., userDataDir: C:\Users\SARU~1.DHA\AppData...}, networkConnectionEnabled: false, pageLoadStrategy: normal, platformName: windows, proxy: Proxy(), se:cdp: ws://localhost:61035/devtoo..., se:cdpVersion: 133.0.3065.82, setWindowRect: true, strictFileInteractability: false, timeouts: {implicit: 0, pageLoad: 300000, script: 30000}, unhandledPromptBehavior: dismiss and notify, webauthn:extension:credBlob: true, webauthn:extension:largeBlob: true, webauthn:extension:minPinLength: true, webauthn:extension:prf: true, webauthn:virtualAuthenticators: true}
Session ID: 4edde2dbd9ef0cff19ac90a4caf611ad
at java.base/jdk.internal.reflect.DirectConstructorHandleAccessor.newInstance(DirectConstructorHandleAccessor.java:62)
at java.base/java.lang.reflect.Constructor.newInstanceWithCaller(Constructor.java:501)
at java.base/java.lang.reflect.Constructor.newInstance(Constructor.java:485)
at org.openqa.selenium.remote.ErrorCodec.decode(ErrorCodec.java:167)
at org.openqa.selenium.remote.codec.w3c.W3CHttpResponseCodec.decode(W3CHttpResponseCodec.java:138)
at org.openqa.selenium.remote.codec.w3c.W3CHttpResponseCodec.decode(W3CHttpResponseCodec.java:50)
at org.openqa.selenium.remote.HttpCommandExecutor.execute(HttpCommandExecutor.java:190)
at org.openqa.selenium.remote.service.DriverCommandExecutor.invokeExecute(DriverCommandExecutor.java:216)
at org.openqa.selenium.remote.service.DriverCommandExecutor.execute(DriverCommandExecutor.java:174)
at org.openqa.selenium.remote.RemoteWebDriver.execute(RemoteWebDriver.java:545)
at org.openqa.selenium.remote.ElementLocation$ElementFinder$2.findElement(ElementLocation.java:165)
at org.openqa.selenium.remote.ElementLocation.findElement(ElementLocation.java:59)
at org.openqa.selenium.remote.RemoteWebDriver.findElement(RemoteWebDriver.java:368)
at org.openqa.selenium.remote.RemoteWebDriver.findElement(RemoteWebDriver.java:362)
at org.openqa.selenium.support.pagefactory.DefaultElementLocator.findElement(DefaultElementLocator.java:68)
at org.openqa.selenium.support.pagefactory.internal.LocatingElementHandler.invoke(LocatingElementHandler.java:38)
at jdk.proxy2/jdk.proxy2.$Proxy12.isDisplayed(Unknown Source)
at org.openqa.selenium.support.ui.ExpectedConditions.elementIfVisible(ExpectedConditions.java:304)
at org.openqa.selenium.support.ui.ExpectedConditions$10.apply(ExpectedConditions.java:290)
at org.openqa.selenium.support.ui.ExpectedConditions$10.apply(ExpectedConditions.java:287)
at org.openqa.selenium.support.ui.FluentWait.until(FluentWait.java:203)
... 29 more
]]>
    </error>
    <system-out>
      <![CDATA[Attempting to click the sign-in button.
Sign-in button clicked successfully.
Entering mobile number: 7708715475
Test Failed: Timeout occurred while waiting for the element.]]>
    </system-out>
  </testcase> <!-- verifyIncorrectOtpErrorMsg -->
  <testcase classname="maxapplication.LoginTest" name="VerifyMobileNumChangeAndOtpVerification" time="47.063">
    <error message="Expected condition failed: waiting for visibility of Proxy element for: DefaultElementLocator &#039;By.xpath: //span[contains(text(),&#039;Change?&#039;)]&#039; (tried for 40 second(s) with 500 milliseconds interval)" type="org.openqa.selenium.TimeoutException">
      <![CDATA[org.openqa.selenium.TimeoutException: Expected condition failed: waiting for visibility of Proxy element for: DefaultElementLocator 'By.xpath: //span[contains(text(),'Change?')]' (tried for 40 second(s) with 500 milliseconds interval)
at org.openqa.selenium.support.ui.WebDriverWait.timeoutException(WebDriverWait.java:84)
at org.openqa.selenium.support.ui.FluentWait.until(FluentWait.java:228)
at maxapplication.WaitManager.waitExplicit(WaitManager.java:18)
at pages.LoginPage.clickChangeButton(LoginPage.java:205)
at maxapplication.LoginTest.VerifyMobileNumChangeAndOtpVerification(LoginTest.java:233)
at java.base/jdk.internal.reflect.DirectMethodHandleAccessor.invoke(DirectMethodHandleAccessor.java:103)
at java.base/java.lang.reflect.Method.invoke(Method.java:580)
at org.testng.internal.invokers.MethodInvocationHelper.invokeMethod(MethodInvocationHelper.java:141)
at org.testng.internal.invokers.TestInvoker.invokeMethod(TestInvoker.java:687)
at org.testng.internal.invokers.TestInvoker.invokeTestMethod(TestInvoker.java:230)
at org.testng.internal.invokers.MethodRunner.runInSequence(MethodRunner.java:63)
at org.testng.internal.invokers.TestInvoker$MethodInvocationAgent.invoke(TestInvoker.java:995)
at org.testng.internal.invokers.TestInvoker.invokeTestMethods(TestInvoker.java:203)
at org.testng.internal.invokers.TestMethodWorker.invokeTestMethods(TestMethodWorker.java:154)
at org.testng.internal.invokers.TestMethodWorker.run(TestMethodWorker.java:134)
at java.base/java.util.ArrayList.forEach(ArrayList.java:1597)
at org.testng.TestRunner.privateRun(TestRunner.java:741)
at org.testng.TestRunner.run(TestRunner.java:616)
at org.testng.SuiteRunner.runTest(SuiteRunner.java:421)
at org.testng.SuiteRunner.runSequentially(SuiteRunner.java:413)
at org.testng.SuiteRunner.privateRun(SuiteRunner.java:373)
at org.testng.SuiteRunner.run(SuiteRunner.java:312)
at org.testng.SuiteRunnerWorker.runSuite(SuiteRunnerWorker.java:52)
at org.testng.SuiteRunnerWorker.run(SuiteRunnerWorker.java:95)
at org.testng.TestNG.runSuitesSequentially(TestNG.java:1274)
at org.testng.TestNG.runSuitesLocally(TestNG.java:1208)
at org.testng.TestNG.runSuites(TestNG.java:1112)
at org.testng.TestNG.run(TestNG.java:1079)
at org.testng.remote.AbstractRemoteTestNG.run(AbstractRemoteTestNG.java:115)
at org.testng.remote.RemoteTestNG.initAndRun(RemoteTestNG.java:293)
at org.testng.remote.RemoteTestNG.main(RemoteTestNG.java:91)
Caused by: org.openqa.selenium.NoSuchElementException: no such element: Unable to locate element: {"method":"xpath","selector":"//span[contains(text(),'Change?')]"}
  (Session info: MicrosoftEdge=133.0.3065.82)
For documentation on this error, please visit: https://www.selenium.dev/documentation/webdriver/troubleshooting/errors#no-such-element-exception
Build info: version: '4.27.0', revision: 'd6e718d134'
System info: os.name: 'Windows 10', os.arch: 'amd64', os.version: '10.0', java.version: '23.0.1'
Driver info: org.openqa.selenium.edge.EdgeDriver
Command: [24c29230b97a09aa7fed2a293de2d1ef, findElement {value=//span[contains(text(),'Change?')], using=xpath}]
Capabilities {acceptInsecureCerts: false, browserName: MicrosoftEdge, browserVersion: 133.0.3065.82, fedcm:accounts: true, ms:edgeOptions: {debuggerAddress: localhost:61136}, msedge: {msedgedriverVersion: 133.0.3065.82 (e8aeaf3e0117..., userDataDir: C:\Users\SARU~1.DHA\AppData...}, networkConnectionEnabled: false, pageLoadStrategy: normal, platformName: windows, proxy: Proxy(), se:cdp: ws://localhost:61136/devtoo..., se:cdpVersion: 133.0.3065.82, setWindowRect: true, strictFileInteractability: false, timeouts: {implicit: 0, pageLoad: 300000, script: 30000}, unhandledPromptBehavior: dismiss and notify, webauthn:extension:credBlob: true, webauthn:extension:largeBlob: true, webauthn:extension:minPinLength: true, webauthn:extension:prf: true, webauthn:virtualAuthenticators: true}
Session ID: 24c29230b97a09aa7fed2a293de2d1ef
at java.base/jdk.internal.reflect.DirectConstructorHandleAccessor.newInstance(DirectConstructorHandleAccessor.java:62)
at java.base/java.lang.reflect.Constructor.newInstanceWithCaller(Constructor.java:501)
at java.base/java.lang.reflect.Constructor.newInstance(Constructor.java:485)
at org.openqa.selenium.remote.ErrorCodec.decode(ErrorCodec.java:167)
at org.openqa.selenium.remote.codec.w3c.W3CHttpResponseCodec.decode(W3CHttpResponseCodec.java:138)
at org.openqa.selenium.remote.codec.w3c.W3CHttpResponseCodec.decode(W3CHttpResponseCodec.java:50)
at org.openqa.selenium.remote.HttpCommandExecutor.execute(HttpCommandExecutor.java:190)
at org.openqa.selenium.remote.service.DriverCommandExecutor.invokeExecute(DriverCommandExecutor.java:216)
at org.openqa.selenium.remote.service.DriverCommandExecutor.execute(DriverCommandExecutor.java:174)
at org.openqa.selenium.remote.RemoteWebDriver.execute(RemoteWebDriver.java:545)
at org.openqa.selenium.remote.ElementLocation$ElementFinder$2.findElement(ElementLocation.java:165)
at org.openqa.selenium.remote.ElementLocation.findElement(ElementLocation.java:59)
at org.openqa.selenium.remote.RemoteWebDriver.findElement(RemoteWebDriver.java:368)
at org.openqa.selenium.remote.RemoteWebDriver.findElement(RemoteWebDriver.java:362)
at org.openqa.selenium.support.pagefactory.DefaultElementLocator.findElement(DefaultElementLocator.java:68)
at org.openqa.selenium.support.pagefactory.internal.LocatingElementHandler.invoke(LocatingElementHandler.java:38)
at jdk.proxy2/jdk.proxy2.$Proxy12.isDisplayed(Unknown Source)
at org.openqa.selenium.support.ui.ExpectedConditions.elementIfVisible(ExpectedConditions.java:304)
at org.openqa.selenium.support.ui.ExpectedConditions$10.apply(ExpectedConditions.java:290)
at org.openqa.selenium.support.ui.ExpectedConditions$10.apply(ExpectedConditions.java:287)
at org.openqa.selenium.support.ui.FluentWait.until(FluentWait.java:203)
... 29 more
]]>
    </error>
    <system-out>
      <![CDATA[Attempting to click the sign-in button.
Sign-in button clicked successfully.
Entering mobile number: 7708715475
Entered mobile number : 7708715475
<a href= "C:\Users\saru.dhavamani\Desktop\Selenium\Application_Max\screenshots\login\VerifyMobileNumChangeAndOtpVerification(1).png" target = "_blank">Screenshot: Entering mobile Number</a>
Clicking the continue button.
Clicked continue button.
Clicking the change button.
Test Failed: Timeout occurred while waiting for the element.]]>
    </system-out>
  </testcase> <!-- VerifyMobileNumChangeAndOtpVerification -->
  <testcase classname="maxapplication.LoginTest" name="verifyResendOtpFunctionality" time="43.847">
    <error message="Expected condition failed: waiting for visibility of Proxy element for: DefaultElementLocator &#039;By.id: mobileNumber&#039; (tried for 40 second(s) with 500 milliseconds interval)" type="org.openqa.selenium.TimeoutException">
      <![CDATA[org.openqa.selenium.TimeoutException: Expected condition failed: waiting for visibility of Proxy element for: DefaultElementLocator 'By.id: mobileNumber' (tried for 40 second(s) with 500 milliseconds interval)
at org.openqa.selenium.support.ui.WebDriverWait.timeoutException(WebDriverWait.java:84)
at org.openqa.selenium.support.ui.FluentWait.until(FluentWait.java:228)
at maxapplication.WaitManager.waitExplicit(WaitManager.java:18)
at pages.LoginPage.enterMobileNumber(LoginPage.java:81)
at maxapplication.LoginTest.verifyResendOtpFunctionality(LoginTest.java:280)
at java.base/jdk.internal.reflect.DirectMethodHandleAccessor.invoke(DirectMethodHandleAccessor.java:103)
at java.base/java.lang.reflect.Method.invoke(Method.java:580)
at org.testng.internal.invokers.MethodInvocationHelper.invokeMethod(MethodInvocationHelper.java:141)
at org.testng.internal.invokers.TestInvoker.invokeMethod(TestInvoker.java:687)
at org.testng.internal.invokers.TestInvoker.invokeTestMethod(TestInvoker.java:230)
at org.testng.internal.invokers.MethodRunner.runInSequence(MethodRunner.java:63)
at org.testng.internal.invokers.TestInvoker$MethodInvocationAgent.invoke(TestInvoker.java:995)
at org.testng.internal.invokers.TestInvoker.invokeTestMethods(TestInvoker.java:203)
at org.testng.internal.invokers.TestMethodWorker.invokeTestMethods(TestMethodWorker.java:154)
at org.testng.internal.invokers.TestMethodWorker.run(TestMethodWorker.java:134)
at java.base/java.util.ArrayList.forEach(ArrayList.java:1597)
at org.testng.TestRunner.privateRun(TestRunner.java:741)
at org.testng.TestRunner.run(TestRunner.java:616)
at org.testng.SuiteRunner.runTest(SuiteRunner.java:421)
at org.testng.SuiteRunner.runSequentially(SuiteRunner.java:413)
at org.testng.SuiteRunner.privateRun(SuiteRunner.java:373)
at org.testng.SuiteRunner.run(SuiteRunner.java:312)
at org.testng.SuiteRunnerWorker.runSuite(SuiteRunnerWorker.java:52)
at org.testng.SuiteRunnerWorker.run(SuiteRunnerWorker.java:95)
at org.testng.TestNG.runSuitesSequentially(TestNG.java:1274)
at org.testng.TestNG.runSuitesLocally(TestNG.java:1208)
at org.testng.TestNG.runSuites(TestNG.java:1112)
at org.testng.TestNG.run(TestNG.java:1079)
at org.testng.remote.AbstractRemoteTestNG.run(AbstractRemoteTestNG.java:115)
at org.testng.remote.RemoteTestNG.initAndRun(RemoteTestNG.java:293)
at org.testng.remote.RemoteTestNG.main(RemoteTestNG.java:91)
Caused by: org.openqa.selenium.NoSuchElementException: no such element: Unable to locate element: {"method":"css selector","selector":"#mobileNumber"}
  (Session info: MicrosoftEdge=133.0.3065.82)
For documentation on this error, please visit: https://www.selenium.dev/documentation/webdriver/troubleshooting/errors#no-such-element-exception
Build info: version: '4.27.0', revision: 'd6e718d134'
System info: os.name: 'Windows 10', os.arch: 'amd64', os.version: '10.0', java.version: '23.0.1'
Driver info: org.openqa.selenium.edge.EdgeDriver
Command: [97db66424f3e7f94c29e787d8a584767, findElement {value=mobileNumber, using=id}]
Capabilities {acceptInsecureCerts: false, browserName: MicrosoftEdge, browserVersion: 133.0.3065.82, fedcm:accounts: true, ms:edgeOptions: {debuggerAddress: localhost:61234}, msedge: {msedgedriverVersion: 133.0.3065.82 (e8aeaf3e0117..., userDataDir: C:\Users\SARU~1.DHA\AppData...}, networkConnectionEnabled: false, pageLoadStrategy: normal, platformName: windows, proxy: Proxy(), se:cdp: ws://localhost:61234/devtoo..., se:cdpVersion: 133.0.3065.82, setWindowRect: true, strictFileInteractability: false, timeouts: {implicit: 0, pageLoad: 300000, script: 30000}, unhandledPromptBehavior: dismiss and notify, webauthn:extension:credBlob: true, webauthn:extension:largeBlob: true, webauthn:extension:minPinLength: true, webauthn:extension:prf: true, webauthn:virtualAuthenticators: true}
Session ID: 97db66424f3e7f94c29e787d8a584767
at java.base/jdk.internal.reflect.DirectConstructorHandleAccessor.newInstance(DirectConstructorHandleAccessor.java:62)
at java.base/java.lang.reflect.Constructor.newInstanceWithCaller(Constructor.java:501)
at java.base/java.lang.reflect.Constructor.newInstance(Constructor.java:485)
at org.openqa.selenium.remote.ErrorCodec.decode(ErrorCodec.java:167)
at org.openqa.selenium.remote.codec.w3c.W3CHttpResponseCodec.decode(W3CHttpResponseCodec.java:138)
at org.openqa.selenium.remote.codec.w3c.W3CHttpResponseCodec.decode(W3CHttpResponseCodec.java:50)
at org.openqa.selenium.remote.HttpCommandExecutor.execute(HttpCommandExecutor.java:190)
at org.openqa.selenium.remote.service.DriverCommandExecutor.invokeExecute(DriverCommandExecutor.java:216)
at org.openqa.selenium.remote.service.DriverCommandExecutor.execute(DriverCommandExecutor.java:174)
at org.openqa.selenium.remote.RemoteWebDriver.execute(RemoteWebDriver.java:545)
at org.openqa.selenium.remote.ElementLocation$ElementFinder$2.findElement(ElementLocation.java:165)
at org.openqa.selenium.remote.ElementLocation.findElement(ElementLocation.java:59)
at org.openqa.selenium.remote.RemoteWebDriver.findElement(RemoteWebDriver.java:368)
at org.openqa.selenium.remote.RemoteWebDriver.findElement(RemoteWebDriver.java:362)
at org.openqa.selenium.support.pagefactory.DefaultElementLocator.findElement(DefaultElementLocator.java:68)
at org.openqa.selenium.support.pagefactory.internal.LocatingElementHandler.invoke(LocatingElementHandler.java:38)
at jdk.proxy2/jdk.proxy2.$Proxy12.isDisplayed(Unknown Source)
at org.openqa.selenium.support.ui.ExpectedConditions.elementIfVisible(ExpectedConditions.java:304)
at org.openqa.selenium.support.ui.ExpectedConditions$10.apply(ExpectedConditions.java:290)
at org.openqa.selenium.support.ui.ExpectedConditions$10.apply(ExpectedConditions.java:287)
at org.openqa.selenium.support.ui.FluentWait.until(FluentWait.java:203)
... 29 more
]]>
    </error>
    <system-out>
      <![CDATA[Attempting to click the sign-in button.
Sign-in button clicked successfully.
Entering mobile number: 7708715475
Test Failed: Timeout occurred while waiting for the element.]]>
    </system-out>
  </testcase> <!-- verifyResendOtpFunctionality -->
  <system-out>
    <![CDATA[Attempting to click the sign-in button.
Sign-in button clicked successfully.
Verifying if the sign-in form is displayed.
<a href= "C:\Users\saru.dhavamani\Desktop\Selenium\Application_Max\screenshots\login\verifySignInForm(1).png" target = "_blank">Screenshot: Sign in form</a>
Test passed: Sign-in form is displayed and screenshot captured.
Attempting to click the sign-in button.
Sign-in button clicked successfully.
<a href= "C:\Users\saru.dhavamani\Desktop\Selenium\Application_Max\screenshots\login\verifyMobileNumErrorMsg(1).png" target = "_blank">Screenshot: Sign in form</a>
Clicking the continue button.
Clicked continue button.
<a href= "C:\Users\saru.dhavamani\Desktop\Selenium\Application_Max\screenshots\login\verifyMobileNumErrorMsg(2).png" target = "_blank">Screenshot: Mobile number error</a>
Test Passed: Mobile number error message is displayed as expected and screenshot captured.
Attempting to click the sign-in button.
Sign-in button clicked successfully.
Entering invalid mobile number: 77087
Entered mobile number : 77087
<a href= "C:\Users\saru.dhavamani\Desktop\Selenium\Application_Max\screenshots\login\verifyInvalidMobileNumErrorMsg(1).png" target = "_blank">Screenshot: Entering mobile number</a>
Clicking the continue button.
Clicked continue button.
<a href= "C:\Users\saru.dhavamani\Desktop\Selenium\Application_Max\screenshots\login\verifyInvalidMobileNumErrorMsg(2).png" target = "_blank">Screenshot: Mobile number error</a>
Test passed: Error message displayed as expected for invalid mobile number and screenshot captured.
Attempting to click the sign-in button.
Sign-in button clicked successfully.
Entering mobile number: 7708715475
Entered mobile number : 7708715475
<a href= "C:\Users\saru.dhavamani\Desktop\Selenium\Application_Max\screenshots\login\verifyOtpConfirmationMsg(1).png" target = "_blank">Screenshot: Entering mobile number</a>
Clicking the continue button.
Clicked continue button.
Verifying OTP confirmation message.
OTP confirmation message is displayed successfully.
<a href= "C:\Users\saru.dhavamani\Desktop\Selenium\Application_Max\screenshots\login\verifyOtpConfirmationMsg(2).png" target = "_blank">Screenshot: Visibility of OTP page</a>
Test Passed: OTP confirmation message displayed as expected and screenshot captured.
Attempting to click the sign-in button.
Sign-in button clicked successfully.
Entering mobile number: 7708715475
Test Failed: Timeout occurred while waiting for the element.
Attempting to click the sign-in button.
Sign-in button clicked successfully.
Entering mobile number: 7708715475
Entered mobile number : 7708715475
<a href= "C:\Users\saru.dhavamani\Desktop\Selenium\Application_Max\screenshots\login\VerifyMobileNumChangeAndOtpVerification(1).png" target = "_blank">Screenshot: Entering mobile Number</a>
Clicking the continue button.
Clicked continue button.
Clicking the change button.
Test Failed: Timeout occurred while waiting for the element.
Attempting to click the sign-in button.
Sign-in button clicked successfully.
Entering mobile number: 7708715475
Test Failed: Timeout occurred while waiting for the element.]]>
  </system-out>
</testsuite> <!-- maxapplication.LoginTest -->
