<?xml version="1.0" encoding="UTF-8"?>
<!-- Generated by org.testng.reporters.JUnitReportReporter -->
<testsuite hostname="ASPLAP1651" failures="1" tests="1" name="maxapplication.SearchTest" time="11.486" errors="0" timestamp="2025-02-25T15:41:21 IST" skipped="0">
  <testcase classname="maxapplication.SearchTest" name="verifyProductSearchFunctionality" time="11.486">
    <failure message="expected [You searched for Jeans] but found [You searched for baggy jeans]" type="java.lang.AssertionError">
      <![CDATA[java.lang.AssertionError: expected [You searched for Jeans] but found [You searched for baggy jeans]
at org.testng.Assert.fail(Assert.java:111)
at org.testng.Assert.failNotEquals(Assert.java:1590)
at org.testng.Assert.assertEqualsImpl(Assert.java:150)
at org.testng.Assert.assertEquals(Assert.java:132)
at org.testng.Assert.assertEquals(Assert.java:656)
at org.testng.Assert.assertEquals(Assert.java:666)
at maxapplication.SearchTest.verifyProductSearchFunctionality(SearchTest.java:57)
at java.base/jdk.internal.reflect.DirectMethodHandleAccessor.invoke(DirectMethodHandleAccessor.java:103)
at java.base/java.lang.reflect.Method.invoke(Method.java:580)
at org.testng.internal.invokers.MethodInvocationHelper.invokeMethod(MethodInvocationHelper.java:141)
at org.testng.internal.invokers.TestInvoker.invokeMethod(TestInvoker.java:687)
at org.testng.internal.invokers.TestInvoker.invokeTestMethod(TestInvoker.java:230)
at org.testng.internal.invokers.MethodRunner.runInSequence(MethodRunner.java:63)
at org.testng.internal.invokers.TestInvoker$MethodInvocationAgent.invoke(TestInvoker.java:995)
at org.testng.internal.invokers.TestInvoker.invokeTestMethods(TestInvoker.java:203)
at org.testng.internal.invokers.TestMethodWorker.invokeTestMethods(TestMethodWorker.java:154)
at org.testng.internal.invokers.TestMethodWorker.run(TestMethodWorker.java:134)
at java.base/java.util.ArrayList.forEach(ArrayList.java:1597)
at org.testng.TestRunner.privateRun(TestRunner.java:741)
at org.testng.TestRunner.run(TestRunner.java:616)
at org.testng.SuiteRunner.runTest(SuiteRunner.java:421)
at org.testng.SuiteRunner.runSequentially(SuiteRunner.java:413)
at org.testng.SuiteRunner.privateRun(SuiteRunner.java:373)
at org.testng.SuiteRunner.run(SuiteRunner.java:312)
at org.testng.SuiteRunnerWorker.runSuite(SuiteRunnerWorker.java:52)
at org.testng.SuiteRunnerWorker.run(SuiteRunnerWorker.java:95)
at org.testng.TestNG.runSuitesSequentially(TestNG.java:1274)
at org.testng.TestNG.runSuitesLocally(TestNG.java:1208)
at org.testng.TestNG.runSuites(TestNG.java:1112)
at org.testng.TestNG.run(TestNG.java:1079)
at org.testng.remote.AbstractRemoteTestNG.run(AbstractRemoteTestNG.java:115)
at org.testng.remote.RemoteTestNG.initAndRun(RemoteTestNG.java:293)
at org.testng.remote.RemoteTestNG.main(RemoteTestNG.java:91)
]]>
    </failure>
    <system-out>
      <![CDATA[Clicking on the search box...
Clicked the search box.
Entering product name 'Jeans' into the search box...
Product name 'Jeans' entered.
Submitting the search box...
Submitted the search.
Getting the actual search result...
<a href= "C:\Users\saru.dhavamani\Desktop\Selenium\Application_Max\screenshots\search\verifyProductSearchFunctionality(1).png" target = "_blank">Screenshot: Seacrh Jeans</a>
<a href= "C:\Users\saru.dhavamani\Desktop\Selenium\Application_Max\screenshots\search\verifyProductSearchFunctionality(2).png" target = "_blank">Screenshot: Search result for Jeans</a>
Comparing actual result with expected result...
Test Failed: Product search result does not match the expected result.]]>
    </system-out>
  </testcase> <!-- verifyProductSearchFunctionality -->
  <system-out>
    <![CDATA[Clicking on the search box...
Clicked the search box.
Entering product name 'Jeans' into the search box...
Product name 'Jeans' entered.
Submitting the search box...
Submitted the search.
Getting the actual search result...
<a href= "C:\Users\saru.dhavamani\Desktop\Selenium\Application_Max\screenshots\search\verifyProductSearchFunctionality(1).png" target = "_blank">Screenshot: Seacrh Jeans</a>
<a href= "C:\Users\saru.dhavamani\Desktop\Selenium\Application_Max\screenshots\search\verifyProductSearchFunctionality(2).png" target = "_blank">Screenshot: Search result for Jeans</a>
Comparing actual result with expected result...
Test Failed: Product search result does not match the expected result.]]>
  </system-out>
</testsuite> <!-- maxapplication.SearchTest -->
